13:56:29:631 [ALWAYS]	GUDE Logging Started
13:56:29:631 [INFO]	SqliteResumeCache::SqliteResumeCache basedirectory is null/empty
13:56:29:632 [ERROR]	SqliteResumeCache::CreateSqliteResumeCache creating resume cache pointer failure
13:56:29:632 [ERROR]	Initialize resume cache pointer failure
13:56:29:632 [INFO]	gude policy POLICY_USER limit (2,2,1) chunk 2097152, chunking (UL 0 DL 1), resXfer 1, adapt 0, NSURL 0, timeout 86400 
13:56:29:632 [INFO]	Initialized -- gude-lib version: v0.12.1 app: gude
13:56:38:476 [WARN]	Ignoring attempt to reinit logging to \gude at level 4 retaining 3 days of logs
13:56:39:006 [INFO]	SqliteResumeCache::SqliteResumeCache basedirectory is null/empty
13:56:39:006 [ERROR]	SqliteResumeCache::CreateSqliteResumeCache creating resume cache pointer failure
13:56:39:006 [ERROR]	Initialize resume cache pointer failure
13:56:39:006 [INFO]	gude policy POLICY_USER limit (4,4,1) chunk 2097152, chunking (UL 0 DL 1), resXfer 1, adapt 0, NSURL 1, timeout 86400 
13:56:39:006 [INFO]	Initialized -- gude-lib version: v0.12.1 app: gude
13:59:04:622 [ALWAYS]	GUDE Logging Started
13:59:04:623 [INFO]	SqliteResumeCache::SqliteResumeCache basedirectory is null/empty
13:59:04:623 [ERROR]	SqliteResumeCache::CreateSqliteResumeCache creating resume cache pointer failure
13:59:04:623 [ERROR]	Initialize resume cache pointer failure
13:59:04:623 [INFO]	gude policy POLICY_USER limit (2,2,1) chunk 2097152, chunking (UL 0 DL 1), resXfer 1, adapt 0, NSURL 0, timeout 86400 
13:59:04:623 [INFO]	Initialized -- gude-lib version: v0.12.1 app: gude
13:59:08:770 [WARN]	Ignoring attempt to reinit logging to \gude at level 4 retaining 3 days of logs
13:59:08:770 [INFO]	SqliteResumeCache::SqliteResumeCache basedirectory is null/empty
13:59:08:770 [ERROR]	SqliteResumeCache::CreateSqliteResumeCache creating resume cache pointer failure
13:59:08:770 [ERROR]	Initialize resume cache pointer failure
13:59:08:770 [INFO]	gude policy POLICY_USER limit (4,4,1) chunk 2097152, chunking (UL 0 DL 1), resXfer 1, adapt 0, NSURL 1, timeout 86400 
13:59:08:770 [INFO]	Initialized -- gude-lib version: v0.12.1 app: gude
